Watching for file changes with StatReloader
C:\VS Code projects\mafia\Mafia-website\be_mafia\mafia_backend\mafia_backend\settings.py changed, reloading.
Watching for file changes with StatReloader
Watching for file changes with StatReloader
C:\VS Code projects\mafia\Mafia-website\be_mafia\mafia_backend\mafia_backend\settings.py changed, reloading.
Watching for file changes with StatReloader
C:\VS Code projects\mafia\Mafia-website\be_mafia\mafia_backend\mafia_backend\settings.py changed, reloading.
Watching for file changes with StatReloader
Watching for file changes with StatReloader
C:\VS Code projects\mafia\Mafia-website\be_mafia\mafia_backend\mafia_backend\settings.py changed, reloading.
Watching for file changes with StatReloader
Watching for file changes with StatReloader
Not Found: /
"GET / HTTP/1.1" 404 2480
Not Found: /favicon.ico
"GET /favicon.ico HTTP/1.1" 404 2531
"GET /admin HTTP/1.1" 301 0
"GET /admin/ HTTP/1.1" 200 9750
"GET /static/admin/css/dashboard.css HTTP/1.1" 200 441
"GET /static/admin/css/nav_sidebar.css HTTP/1.1" 200 2810
"GET /static/admin/css/dark_mode.css HTTP/1.1" 200 3538
"GET /static/admin/css/base.css HTTP/1.1" 200 23100
"GET /static/admin/css/responsive.css HTTP/1.1" 200 16273
"GET /static/admin/js/theme.js HTTP/1.1" 200 1653
"GET /static/admin/js/nav_sidebar.js HTTP/1.1" 200 3063
"GET /static/admin/img/icon-changelink.svg HTTP/1.1" 200 978
"GET /static/admin/img/icon-addlink.svg HTTP/1.1" 200 593
"GET /admin/posts/post/add/ HTTP/1.1" 200 17338
"GET /static/admin/css/forms.css HTTP/1.1" 200 8831
"GET /static/admin/js/jquery.init.js HTTP/1.1" 200 347
"GET /static/admin/css/widgets.css HTTP/1.1" 200 11811
"GET /static/admin/js/calendar.js HTTP/1.1" 200 9159
"GET /static/admin/js/admin/DateTimeShortcuts.js HTTP/1.1" 200 19698
"GET /static/admin/js/core.js HTTP/1.1" 200 6208
"GET /static/admin/js/urlify.js HTTP/1.1" 200 7887
"GET /static/admin/js/admin/RelatedObjectLookups.js HTTP/1.1" 200 9777
"GET /static/admin/js/prepopulate.js HTTP/1.1" 200 1531
"GET /static/admin/js/actions.js HTTP/1.1" 200 8076
"GET /static/admin/js/vendor/jquery/jquery.js HTTP/1.1" 200 285314
"GET /static/admin/js/prepopulate_init.js HTTP/1.1" 200 586
"GET /admin/jsi18n/ HTTP/1.1" 200 3342
"GET /static/admin/img/icon-deletelink.svg HTTP/1.1" 200 689
"GET /static/admin/img/icon-viewlink.svg HTTP/1.1" 200 928
"GET /static/admin/js/change_form.js HTTP/1.1" 200 606
"GET /static/admin/js/vendor/xregexp/xregexp.js HTTP/1.1" 200 325171
"GET /static/admin/img/icon-clock.svg HTTP/1.1" 200 805
"GET /static/admin/img/icon-calendar.svg HTTP/1.1" 200 1112
"POST /admin/posts/post/add/ HTTP/1.1" 302 0
"GET /admin/posts/post/ HTTP/1.1" 200 16332
"GET /static/admin/css/changelists.css HTTP/1.1" 200 7498
"GET /static/admin/img/search.svg HTTP/1.1" 200 607
"GET /static/admin/js/filters.js HTTP/1.1" 200 978
"GET /admin/jsi18n/ HTTP/1.1" 200 3342
"GET /static/admin/img/icon-yes-dark.svg HTTP/1.1" 200 558
"GET /static/admin/img/tooltag-add.svg HTTP/1.1" 200 593
"POST /admin/posts/post/ HTTP/1.1" 302 0
"GET /admin/posts/post/ HTTP/1.1" 200 16120
"GET /admin/jsi18n/ HTTP/1.1" 200 3342
"GET /api/posts/ HTTP/1.1" 200 234
"GET /api/posts/ HTTP/1.1" 200 234
Watching for file changes with StatReloader
"GET /admin/ HTTP/1.1" 200 10141
Not Found: /favicon.ico
"GET /favicon.ico HTTP/1.1" 404 2678
Internal Server Error: /admin/users/user/add/
Traceback (most recent call last):
  File "C:\VS Code projects\mafia\Mafia-website\be_mafia\mafia_backend\venv\Lib\site-packages\django\forms\forms.py", line 183, in __getitem__
    field = self.fields[name]
            ~~~~~~~~~~~^^^^^^
KeyError: 'slug'

During handling of the above exception, another exception occurred:

Traceback (most recent call last):
  File "C:\VS Code projects\mafia\Mafia-website\be_mafia\mafia_backend\venv\Lib\site-packages\django\core\handlers\exception.py", line 55, in inner
    response = get_response(request)
               ^^^^^^^^^^^^^^^^^^^^^
  File "C:\VS Code projects\mafia\Mafia-website\be_mafia\mafia_backend\venv\Lib\site-packages\django\core\handlers\base.py", line 198, in _get_response
    response = wrapped_callback(request, *callback_args, **callback_kwargs)
               ^^^^^^^^^^^^^^^^^^^^^^^^^^^^^^^^^^^^^^^^^^^^^^^^^^^^^^^^^^^^
  File "C:\Users\Kloij\AppData\Local\Programs\Python\Python312\Lib\contextlib.py", line 81, in inner
    return func(*args, **kwds)
           ^^^^^^^^^^^^^^^^^^^
  File "C:\VS Code projects\mafia\Mafia-website\be_mafia\mafia_backend\venv\Lib\site-packages\django\contrib\admin\options.py", line 711, in wrapper
    return self.admin_site.admin_view(view)(*args, **kwargs)
           ^^^^^^^^^^^^^^^^^^^^^^^^^^^^^^^^^^^^^^^^^^^^^^^^^
  File "C:\VS Code projects\mafia\Mafia-website\be_mafia\mafia_backend\venv\Lib\site-packages\django\utils\decorators.py", line 192, in _view_wrapper
    result = _process_exception(request, e)
             ^^^^^^^^^^^^^^^^^^^^^^^^^^^^^^
  File "C:\VS Code projects\mafia\Mafia-website\be_mafia\mafia_backend\venv\Lib\site-packages\django\utils\decorators.py", line 190, in _view_wrapper
    response = view_func(request, *args, **kwargs)
               ^^^^^^^^^^^^^^^^^^^^^^^^^^^^^^^^^^^
  File "C:\VS Code projects\mafia\Mafia-website\be_mafia\mafia_backend\venv\Lib\site-packages\django\views\decorators\cache.py", line 80, in _view_wrapper
    response = view_func(request, *args, **kwargs)
               ^^^^^^^^^^^^^^^^^^^^^^^^^^^^^^^^^^^
  File "C:\VS Code projects\mafia\Mafia-website\be_mafia\mafia_backend\venv\Lib\site-packages\django\contrib\admin\sites.py", line 247, in inner
    return view(request, *args, **kwargs)
           ^^^^^^^^^^^^^^^^^^^^^^^^^^^^^^
  File "C:\VS Code projects\mafia\Mafia-website\be_mafia\mafia_backend\venv\Lib\site-packages\django\utils\decorators.py", line 48, in _wrapper
    return bound_method(*args, **kwargs)
           ^^^^^^^^^^^^^^^^^^^^^^^^^^^^^
  File "C:\VS Code projects\mafia\Mafia-website\be_mafia\mafia_backend\venv\Lib\site-packages\django\views\decorators\debug.py", line 143, in sensitive_post_parameters_wrapper
    return view(request, *args, **kwargs)
           ^^^^^^^^^^^^^^^^^^^^^^^^^^^^^^
  File "C:\VS Code projects\mafia\Mafia-website\be_mafia\mafia_backend\venv\Lib\site-packages\django\utils\decorators.py", line 192, in _view_wrapper
    result = _process_exception(request, e)
             ^^^^^^^^^^^^^^^^^^^^^^^^^^^^^^
  File "C:\VS Code projects\mafia\Mafia-website\be_mafia\mafia_backend\venv\Lib\site-packages\django\utils\decorators.py", line 190, in _view_wrapper
    response = view_func(request, *args, **kwargs)
               ^^^^^^^^^^^^^^^^^^^^^^^^^^^^^^^^^^^
  File "C:\VS Code projects\mafia\Mafia-website\be_mafia\mafia_backend\venv\Lib\site-packages\django\contrib\auth\admin.py", line 116, in add_view
    return self._add_view(request, form_url, extra_context)
           ^^^^^^^^^^^^^^^^^^^^^^^^^^^^^^^^^^^^^^^^^^^^^^^^
  File "C:\VS Code projects\mafia\Mafia-website\be_mafia\mafia_backend\venv\Lib\site-packages\django\contrib\auth\admin.py", line 147, in _add_view
    return super().add_view(request, form_url, extra_context)
           ^^^^^^^^^^^^^^^^^^^^^^^^^^^^^^^^^^^^^^^^^^^^^^^^^^
  File "C:\VS Code projects\mafia\Mafia-website\be_mafia\mafia_backend\venv\Lib\site-packages\django\contrib\admin\options.py", line 1943, in add_view
    return self.changeform_view(request, None, form_url, extra_context)
           ^^^^^^^^^^^^^^^^^^^^^^^^^^^^^^^^^^^^^^^^^^^^^^^^^^^^^^^^^^^^
  File "C:\VS Code projects\mafia\Mafia-website\be_mafia\mafia_backend\venv\Lib\site-packages\django\utils\decorators.py", line 48, in _wrapper
    return bound_method(*args, **kwargs)
           ^^^^^^^^^^^^^^^^^^^^^^^^^^^^^
  File "C:\VS Code projects\mafia\Mafia-website\be_mafia\mafia_backend\venv\Lib\site-packages\django\utils\decorators.py", line 192, in _view_wrapper
    result = _process_exception(request, e)
             ^^^^^^^^^^^^^^^^^^^^^^^^^^^^^^
  File "C:\VS Code projects\mafia\Mafia-website\be_mafia\mafia_backend\venv\Lib\site-packages\django\utils\decorators.py", line 190, in _view_wrapper
    response = view_func(request, *args, **kwargs)
               ^^^^^^^^^^^^^^^^^^^^^^^^^^^^^^^^^^^
  File "C:\VS Code projects\mafia\Mafia-website\be_mafia\mafia_backend\venv\Lib\site-packages\django\contrib\admin\options.py", line 1799, in changeform_view
    return self._changeform_view(request, object_id, form_url, extra_context)
           ^^^^^^^^^^^^^^^^^^^^^^^^^^^^^^^^^^^^^^^^^^^^^^^^^^^^^^^^^^^^^^^^^^
  File "C:\VS Code projects\mafia\Mafia-website\be_mafia\mafia_backend\venv\Lib\site-packages\django\contrib\admin\options.py", line 1883, in _changeform_view
    admin_form = helpers.AdminForm(
                 ^^^^^^^^^^^^^^^^^^
  File "C:\VS Code projects\mafia\Mafia-website\be_mafia\mafia_backend\venv\Lib\site-packages\django\contrib\admin\helpers.py", line 51, in __init__
    {"field": form[field_name], "dependencies": [form[f] for f in dependencies]}
              ~~~~^^^^^^^^^^^^
  File "C:\VS Code projects\mafia\Mafia-website\be_mafia\mafia_backend\venv\Lib\site-packages\django\forms\forms.py", line 185, in __getitem__
    raise KeyError(
KeyError: "Key 'slug' not found in 'UserForm'. Choices are: password1, password2, usable_password, username."
"GET /admin/users/user/add/ HTTP/1.1" 500 177485
"GET /admin/ HTTP/1.1" 200 10141
"GET /admin/games/game/add/ HTTP/1.1" 200 25569
"GET /static/admin/css/autocomplete.css HTTP/1.1" 200 9185
"GET /static/admin/css/vendor/select2/select2.css HTTP/1.1" 200 17358
"GET /static/admin/js/vendor/select2/i18n/en.js HTTP/1.1" 200 844
"GET /static/admin/js/inlines.js HTTP/1.1" 200 15628
"GET /admin/jsi18n/ HTTP/1.1" 200 3342
"GET /static/admin/js/autocomplete.js HTTP/1.1" 200 1060
"GET /static/admin/js/vendor/select2/select2.full.js HTTP/1.1" 200 173566
"GET /static/admin/img/inline-delete.svg HTTP/1.1" 200 651
"GET /admin/games/tournament/add/?_to_field=id&_popup=1 HTTP/1.1" 200 7506
"GET /admin/jsi18n/ HTTP/1.1" 200 3342
"GET /admin/autocomplete/?app_label=games&model_name=userplay&field_name=user HTTP/1.1" 200 76
Internal Server Error: /admin/users/user/add/
Traceback (most recent call last):
  File "C:\VS Code projects\mafia\Mafia-website\be_mafia\mafia_backend\venv\Lib\site-packages\django\forms\forms.py", line 183, in __getitem__
    field = self.fields[name]
            ~~~~~~~~~~~^^^^^^
KeyError: 'slug'

During handling of the above exception, another exception occurred:

Traceback (most recent call last):
  File "C:\VS Code projects\mafia\Mafia-website\be_mafia\mafia_backend\venv\Lib\site-packages\django\core\handlers\exception.py", line 55, in inner
    response = get_response(request)
               ^^^^^^^^^^^^^^^^^^^^^
  File "C:\VS Code projects\mafia\Mafia-website\be_mafia\mafia_backend\venv\Lib\site-packages\django\core\handlers\base.py", line 198, in _get_response
    response = wrapped_callback(request, *callback_args, **callback_kwargs)
               ^^^^^^^^^^^^^^^^^^^^^^^^^^^^^^^^^^^^^^^^^^^^^^^^^^^^^^^^^^^^
  File "C:\Users\Kloij\AppData\Local\Programs\Python\Python312\Lib\contextlib.py", line 81, in inner
    return func(*args, **kwds)
           ^^^^^^^^^^^^^^^^^^^
  File "C:\VS Code projects\mafia\Mafia-website\be_mafia\mafia_backend\venv\Lib\site-packages\django\contrib\admin\options.py", line 711, in wrapper
    return self.admin_site.admin_view(view)(*args, **kwargs)
           ^^^^^^^^^^^^^^^^^^^^^^^^^^^^^^^^^^^^^^^^^^^^^^^^^
  File "C:\VS Code projects\mafia\Mafia-website\be_mafia\mafia_backend\venv\Lib\site-packages\django\utils\decorators.py", line 192, in _view_wrapper
    result = _process_exception(request, e)
             ^^^^^^^^^^^^^^^^^^^^^^^^^^^^^^
  File "C:\VS Code projects\mafia\Mafia-website\be_mafia\mafia_backend\venv\Lib\site-packages\django\utils\decorators.py", line 190, in _view_wrapper
    response = view_func(request, *args, **kwargs)
               ^^^^^^^^^^^^^^^^^^^^^^^^^^^^^^^^^^^
  File "C:\VS Code projects\mafia\Mafia-website\be_mafia\mafia_backend\venv\Lib\site-packages\django\views\decorators\cache.py", line 80, in _view_wrapper
    response = view_func(request, *args, **kwargs)
               ^^^^^^^^^^^^^^^^^^^^^^^^^^^^^^^^^^^
  File "C:\VS Code projects\mafia\Mafia-website\be_mafia\mafia_backend\venv\Lib\site-packages\django\contrib\admin\sites.py", line 247, in inner
    return view(request, *args, **kwargs)
           ^^^^^^^^^^^^^^^^^^^^^^^^^^^^^^
  File "C:\VS Code projects\mafia\Mafia-website\be_mafia\mafia_backend\venv\Lib\site-packages\django\utils\decorators.py", line 48, in _wrapper
    return bound_method(*args, **kwargs)
           ^^^^^^^^^^^^^^^^^^^^^^^^^^^^^
  File "C:\VS Code projects\mafia\Mafia-website\be_mafia\mafia_backend\venv\Lib\site-packages\django\views\decorators\debug.py", line 143, in sensitive_post_parameters_wrapper
    return view(request, *args, **kwargs)
           ^^^^^^^^^^^^^^^^^^^^^^^^^^^^^^
  File "C:\VS Code projects\mafia\Mafia-website\be_mafia\mafia_backend\venv\Lib\site-packages\django\utils\decorators.py", line 192, in _view_wrapper
    result = _process_exception(request, e)
             ^^^^^^^^^^^^^^^^^^^^^^^^^^^^^^
  File "C:\VS Code projects\mafia\Mafia-website\be_mafia\mafia_backend\venv\Lib\site-packages\django\utils\decorators.py", line 190, in _view_wrapper
    response = view_func(request, *args, **kwargs)
               ^^^^^^^^^^^^^^^^^^^^^^^^^^^^^^^^^^^
  File "C:\VS Code projects\mafia\Mafia-website\be_mafia\mafia_backend\venv\Lib\site-packages\django\contrib\auth\admin.py", line 116, in add_view
    return self._add_view(request, form_url, extra_context)
           ^^^^^^^^^^^^^^^^^^^^^^^^^^^^^^^^^^^^^^^^^^^^^^^^
  File "C:\VS Code projects\mafia\Mafia-website\be_mafia\mafia_backend\venv\Lib\site-packages\django\contrib\auth\admin.py", line 147, in _add_view
    return super().add_view(request, form_url, extra_context)
           ^^^^^^^^^^^^^^^^^^^^^^^^^^^^^^^^^^^^^^^^^^^^^^^^^^
  File "C:\VS Code projects\mafia\Mafia-website\be_mafia\mafia_backend\venv\Lib\site-packages\django\contrib\admin\options.py", line 1943, in add_view
    return self.changeform_view(request, None, form_url, extra_context)
           ^^^^^^^^^^^^^^^^^^^^^^^^^^^^^^^^^^^^^^^^^^^^^^^^^^^^^^^^^^^^
  File "C:\VS Code projects\mafia\Mafia-website\be_mafia\mafia_backend\venv\Lib\site-packages\django\utils\decorators.py", line 48, in _wrapper
    return bound_method(*args, **kwargs)
           ^^^^^^^^^^^^^^^^^^^^^^^^^^^^^
  File "C:\VS Code projects\mafia\Mafia-website\be_mafia\mafia_backend\venv\Lib\site-packages\django\utils\decorators.py", line 192, in _view_wrapper
    result = _process_exception(request, e)
             ^^^^^^^^^^^^^^^^^^^^^^^^^^^^^^
  File "C:\VS Code projects\mafia\Mafia-website\be_mafia\mafia_backend\venv\Lib\site-packages\django\utils\decorators.py", line 190, in _view_wrapper
    response = view_func(request, *args, **kwargs)
               ^^^^^^^^^^^^^^^^^^^^^^^^^^^^^^^^^^^
  File "C:\VS Code projects\mafia\Mafia-website\be_mafia\mafia_backend\venv\Lib\site-packages\django\contrib\admin\options.py", line 1799, in changeform_view
    return self._changeform_view(request, object_id, form_url, extra_context)
           ^^^^^^^^^^^^^^^^^^^^^^^^^^^^^^^^^^^^^^^^^^^^^^^^^^^^^^^^^^^^^^^^^^
  File "C:\VS Code projects\mafia\Mafia-website\be_mafia\mafia_backend\venv\Lib\site-packages\django\contrib\admin\options.py", line 1883, in _changeform_view
    admin_form = helpers.AdminForm(
                 ^^^^^^^^^^^^^^^^^^
  File "C:\VS Code projects\mafia\Mafia-website\be_mafia\mafia_backend\venv\Lib\site-packages\django\contrib\admin\helpers.py", line 51, in __init__
    {"field": form[field_name], "dependencies": [form[f] for f in dependencies]}
              ~~~~^^^^^^^^^^^^
  File "C:\VS Code projects\mafia\Mafia-website\be_mafia\mafia_backend\venv\Lib\site-packages\django\forms\forms.py", line 185, in __getitem__
    raise KeyError(
KeyError: "Key 'slug' not found in 'UserForm'. Choices are: password1, password2, usable_password, username."
"GET /admin/users/user/add/?_to_field=id&_popup=1 HTTP/1.1" 500 178622
"GET /admin/ HTTP/1.1" 200 10141
Internal Server Error: /admin/users/user/add/
Traceback (most recent call last):
  File "C:\VS Code projects\mafia\Mafia-website\be_mafia\mafia_backend\venv\Lib\site-packages\django\forms\forms.py", line 183, in __getitem__
    field = self.fields[name]
            ~~~~~~~~~~~^^^^^^
KeyError: 'slug'

During handling of the above exception, another exception occurred:

Traceback (most recent call last):
  File "C:\VS Code projects\mafia\Mafia-website\be_mafia\mafia_backend\venv\Lib\site-packages\django\core\handlers\exception.py", line 55, in inner
    response = get_response(request)
               ^^^^^^^^^^^^^^^^^^^^^
  File "C:\VS Code projects\mafia\Mafia-website\be_mafia\mafia_backend\venv\Lib\site-packages\django\core\handlers\base.py", line 198, in _get_response
    response = wrapped_callback(request, *callback_args, **callback_kwargs)
               ^^^^^^^^^^^^^^^^^^^^^^^^^^^^^^^^^^^^^^^^^^^^^^^^^^^^^^^^^^^^
  File "C:\Users\Kloij\AppData\Local\Programs\Python\Python312\Lib\contextlib.py", line 81, in inner
    return func(*args, **kwds)
           ^^^^^^^^^^^^^^^^^^^
  File "C:\VS Code projects\mafia\Mafia-website\be_mafia\mafia_backend\venv\Lib\site-packages\django\contrib\admin\options.py", line 711, in wrapper
    return self.admin_site.admin_view(view)(*args, **kwargs)
           ^^^^^^^^^^^^^^^^^^^^^^^^^^^^^^^^^^^^^^^^^^^^^^^^^
  File "C:\VS Code projects\mafia\Mafia-website\be_mafia\mafia_backend\venv\Lib\site-packages\django\utils\decorators.py", line 192, in _view_wrapper
    result = _process_exception(request, e)
             ^^^^^^^^^^^^^^^^^^^^^^^^^^^^^^
  File "C:\VS Code projects\mafia\Mafia-website\be_mafia\mafia_backend\venv\Lib\site-packages\django\utils\decorators.py", line 190, in _view_wrapper
    response = view_func(request, *args, **kwargs)
               ^^^^^^^^^^^^^^^^^^^^^^^^^^^^^^^^^^^
  File "C:\VS Code projects\mafia\Mafia-website\be_mafia\mafia_backend\venv\Lib\site-packages\django\views\decorators\cache.py", line 80, in _view_wrapper
    response = view_func(request, *args, **kwargs)
               ^^^^^^^^^^^^^^^^^^^^^^^^^^^^^^^^^^^
  File "C:\VS Code projects\mafia\Mafia-website\be_mafia\mafia_backend\venv\Lib\site-packages\django\contrib\admin\sites.py", line 247, in inner
    return view(request, *args, **kwargs)
           ^^^^^^^^^^^^^^^^^^^^^^^^^^^^^^
  File "C:\VS Code projects\mafia\Mafia-website\be_mafia\mafia_backend\venv\Lib\site-packages\django\utils\decorators.py", line 48, in _wrapper
    return bound_method(*args, **kwargs)
           ^^^^^^^^^^^^^^^^^^^^^^^^^^^^^
  File "C:\VS Code projects\mafia\Mafia-website\be_mafia\mafia_backend\venv\Lib\site-packages\django\views\decorators\debug.py", line 143, in sensitive_post_parameters_wrapper
    return view(request, *args, **kwargs)
           ^^^^^^^^^^^^^^^^^^^^^^^^^^^^^^
  File "C:\VS Code projects\mafia\Mafia-website\be_mafia\mafia_backend\venv\Lib\site-packages\django\utils\decorators.py", line 192, in _view_wrapper
    result = _process_exception(request, e)
             ^^^^^^^^^^^^^^^^^^^^^^^^^^^^^^
  File "C:\VS Code projects\mafia\Mafia-website\be_mafia\mafia_backend\venv\Lib\site-packages\django\utils\decorators.py", line 190, in _view_wrapper
    response = view_func(request, *args, **kwargs)
               ^^^^^^^^^^^^^^^^^^^^^^^^^^^^^^^^^^^
  File "C:\VS Code projects\mafia\Mafia-website\be_mafia\mafia_backend\venv\Lib\site-packages\django\contrib\auth\admin.py", line 116, in add_view
    return self._add_view(request, form_url, extra_context)
           ^^^^^^^^^^^^^^^^^^^^^^^^^^^^^^^^^^^^^^^^^^^^^^^^
  File "C:\VS Code projects\mafia\Mafia-website\be_mafia\mafia_backend\venv\Lib\site-packages\django\contrib\auth\admin.py", line 147, in _add_view
    return super().add_view(request, form_url, extra_context)
           ^^^^^^^^^^^^^^^^^^^^^^^^^^^^^^^^^^^^^^^^^^^^^^^^^^
  File "C:\VS Code projects\mafia\Mafia-website\be_mafia\mafia_backend\venv\Lib\site-packages\django\contrib\admin\options.py", line 1943, in add_view
    return self.changeform_view(request, None, form_url, extra_context)
           ^^^^^^^^^^^^^^^^^^^^^^^^^^^^^^^^^^^^^^^^^^^^^^^^^^^^^^^^^^^^
  File "C:\VS Code projects\mafia\Mafia-website\be_mafia\mafia_backend\venv\Lib\site-packages\django\utils\decorators.py", line 48, in _wrapper
    return bound_method(*args, **kwargs)
           ^^^^^^^^^^^^^^^^^^^^^^^^^^^^^
  File "C:\VS Code projects\mafia\Mafia-website\be_mafia\mafia_backend\venv\Lib\site-packages\django\utils\decorators.py", line 192, in _view_wrapper
    result = _process_exception(request, e)
             ^^^^^^^^^^^^^^^^^^^^^^^^^^^^^^
  File "C:\VS Code projects\mafia\Mafia-website\be_mafia\mafia_backend\venv\Lib\site-packages\django\utils\decorators.py", line 190, in _view_wrapper
    response = view_func(request, *args, **kwargs)
               ^^^^^^^^^^^^^^^^^^^^^^^^^^^^^^^^^^^
  File "C:\VS Code projects\mafia\Mafia-website\be_mafia\mafia_backend\venv\Lib\site-packages\django\contrib\admin\options.py", line 1799, in changeform_view
    return self._changeform_view(request, object_id, form_url, extra_context)
           ^^^^^^^^^^^^^^^^^^^^^^^^^^^^^^^^^^^^^^^^^^^^^^^^^^^^^^^^^^^^^^^^^^
  File "C:\VS Code projects\mafia\Mafia-website\be_mafia\mafia_backend\venv\Lib\site-packages\django\contrib\admin\options.py", line 1883, in _changeform_view
    admin_form = helpers.AdminForm(
                 ^^^^^^^^^^^^^^^^^^
  File "C:\VS Code projects\mafia\Mafia-website\be_mafia\mafia_backend\venv\Lib\site-packages\django\contrib\admin\helpers.py", line 51, in __init__
    {"field": form[field_name], "dependencies": [form[f] for f in dependencies]}
              ~~~~^^^^^^^^^^^^
  File "C:\VS Code projects\mafia\Mafia-website\be_mafia\mafia_backend\venv\Lib\site-packages\django\forms\forms.py", line 185, in __getitem__
    raise KeyError(
KeyError: "Key 'slug' not found in 'UserForm'. Choices are: password1, password2, usable_password, username."
"GET /admin/users/user/add/ HTTP/1.1" 500 177485
